Build started 05/06/2018 10.51.30.
     1>Project "C:\C++\AcceleratedC++\Accelerated-Cplusplus\AcceleratedC++\AcceleratedC++.vcxproj" on node 2 (Build target(s)).
     1>ClCompile:
         C:\Program Files (x86)\Microsoft Visual Studio 12.0\VC\bin\CL.exe /c /Zi /nologo /W3 /WX- /O2 /Oi /Oy- /GL /D WIN32 /D NDEBUG /D _CONSOLE /D _LIB /D _UNICODE /D UNICODE /Gm- /EHsc /MD /GS /Gy /fp:precise /Zc:wchar_t /Zc:forScope /Fo"Release\\" /Fd"Release\vc120.pdb" /Gd /TP /analyze- /errorReport:prompt chapter0.cpp chapter1.cpp chapter2.cpp chapter3.cpp main.cpp
         chapter0.cpp
     1>chapter0.cpp(1): warning C4067: unexpected tokens following preprocessor directive - expected a newline
         chapter1.cpp
         chapter2.cpp
         chapter3.cpp
     1>chapter3.cpp(141): warning C4018: '<' : signed/unsigned mismatch
     1>chapter3.cpp(153): warning C4018: '<' : signed/unsigned mismatch
     1>chapter3.cpp(179): warning C4018: '<' : signed/unsigned mismatch
     1>chapter3.cpp(220): warning C4018: '<' : signed/unsigned mismatch
     1>chapter3.cpp(250): warning C4018: '<' : signed/unsigned mismatch
     1>chapter3.cpp(278): warning C4018: '<' : signed/unsigned mismatch
     1>chapter3.cpp(308): warning C4018: '<' : signed/unsigned mismatch
         main.cpp
       Link:
         C:\Program Files (x86)\Microsoft Visual Studio 12.0\VC\bin\link.exe /ERRORREPORT:PROMPT /OUT:"C:\C++\AcceleratedC++\Accelerated-Cplusplus\Release\AcceleratedC++.exe" /INCREMENTAL:NO /NOLOGO kernel32.lib user32.lib gdi32.lib winspool.lib comdlg32.lib advapi32.lib shell32.lib ole32.lib oleaut32.lib uuid.lib odbc32.lib odbccp32.lib /MANIFEST /MANIFESTUAC:"level='asInvoker' uiAccess='false'" /manifest:embed /DEBUG /PDB:"C:\C++\AcceleratedC++\Accelerated-Cplusplus\Release\AcceleratedC++.pdb" /SUBSYSTEM:CONSOLE /OPT:REF /OPT:ICF /LTCG /TLBID:1 /DYNAMICBASE /NXCOMPAT /IMPLIB:"C:\C++\AcceleratedC++\Accelerated-Cplusplus\Release\AcceleratedC++.lib" /MACHINE:X86 /SAFESEH Release\chapter0.obj
         Release\chapter1.obj
         Release\chapter2.obj
         Release\chapter3.obj
         Release\main.obj
         Generating code
         Finished generating code
         AcceleratedC++.vcxproj -> C:\C++\AcceleratedC++\Accelerated-Cplusplus\Release\AcceleratedC++.exe
     1>Done Building Project "C:\C++\AcceleratedC++\Accelerated-Cplusplus\AcceleratedC++\AcceleratedC++.vcxproj" (Build target(s)).

Build succeeded.

Time Elapsed 00:00:06.31
